TN:
SF:app.js
FNF:0
FNH:0
DA:1,3
DA:3,3
DA:4,3
DA:5,3
DA:6,3
DA:9,3
DA:10,3
DA:11,3
DA:17,3
DA:18,3
DA:20,3
LF:11
LH:11
BRDA:1,0,0,3
BRDA:1,0,1,0
BRDA:1,1,0,3
BRDA:1,1,1,3
BRF:4
BRH:3
end_of_record
TN:
SF:controllers/CategoryController.js
FN:4,(anonymous_0)
FN:8,(anonymous_1)
FN:12,(anonymous_2)
FN:17,(anonymous_3)
FNF:4
FNH:4
FNDA:1,(anonymous_0)
FNDA:1,(anonymous_1)
FNDA:1,(anonymous_2)
FNDA:1,(anonymous_3)
DA:1,3
DA:5,1
DA:8,1
DA:13,1
DA:14,1
DA:17,1
DA:22,3
LF:7
LH:7
BRF:0
BRH:0
end_of_record
TN:
SF:controllers/ProductController.js
FN:4,(anonymous_0)
FN:8,(anonymous_1)
FN:14,(anonymous_2)
FN:19,(anonymous_3)
FN:25,(anonymous_4)
FN:28,(anonymous_5)
FN:34,(anonymous_6)
FN:42,(anonymous_7)
FN:56,(anonymous_8)
FN:63,(anonymous_9)
FNF:10
FNH:10
FNDA:1,(anonymous_0)
FNDA:1,(anonymous_1)
FNDA:1,(anonymous_2)
FNDA:1,(anonymous_3)
FNDA:2,(anonymous_4)
FNDA:1,(anonymous_5)
FNDA:3,(anonymous_6)
FNDA:2,(anonymous_7)
FNDA:2,(anonymous_8)
FNDA:2,(anonymous_9)
DA:1,3
DA:5,1
DA:9,1
DA:15,1
DA:16,1
DA:20,1
DA:26,2
DA:27,2
DA:29,1
DA:35,3
DA:36,3
DA:37,3
DA:43,2
DA:44,1
DA:51,1
DA:57,2
DA:58,2
DA:64,2
DA:65,1
DA:72,1
DA:78,3
LF:21
LH:21
BRDA:43,0,0,1
BRDA:43,0,1,1
BRDA:64,1,0,1
BRDA:64,1,1,1
BRF:4
BRH:4
end_of_record
TN:
SF:controllers/UserController.js
FN:7,(anonymous_0)
FN:17,(anonymous_1)
FN:44,(anonymous_2)
FN:47,(anonymous_3)
FNF:4
FNH:4
FNDA:2,(anonymous_0)
FNDA:2,(anonymous_1)
FNDA:5,(anonymous_2)
FNDA:1,(anonymous_3)
DA:1,3
DA:2,3
DA:3,3
DA:4,3
DA:8,2
DA:9,2
DA:18,2
DA:19,1
DA:27,1
DA:28,0
DA:36,1
DA:37,1
DA:45,5
DA:46,5
DA:48,1
DA:54,3
LF:16
LH:15
BRDA:18,0,0,1
BRDA:18,0,1,1
BRDA:27,1,0,0
BRDA:27,1,1,1
BRF:4
BRH:3
end_of_record
TN:
SF:helpers/bcrypt.js
FN:5,(anonymous_0)
FN:9,(anonymous_1)
FNF:2
FNH:2
FNDA:5,(anonymous_0)
FNDA:1,(anonymous_1)
DA:1,3
DA:2,3
DA:4,3
DA:6,5
DA:10,1
LF:5
LH:5
BRF:0
BRH:0
end_of_record
TN:
SF:helpers/jwt.js
FN:5,(anonymous_0)
FN:10,(anonymous_1)
FNF:2
FNH:2
FNDA:3,(anonymous_0)
FNDA:9,(anonymous_1)
DA:1,3
DA:2,3
DA:4,3
DA:6,3
DA:7,3
DA:11,9
DA:12,9
DA:14,1
LF:8
LH:8
BRF:0
BRH:0
end_of_record
TN:
SF:middlewares/auth.js
FN:5,(anonymous_0)
FN:19,(anonymous_1)
FN:22,(anonymous_2)
FNF:3
FNH:3
FNDA:9,(anonymous_0)
FNDA:8,(anonymous_1)
FNDA:8,(anonymous_2)
DA:1,3
DA:2,3
DA:4,3
DA:6,9
DA:7,9
DA:8,1
DA:14,8
DA:15,8
DA:20,8
DA:21,8
DA:23,8
DA:24,0
DA:30,8
DA:31,1
DA:36,7
LF:15
LH:14
BRDA:7,0,0,1
BRDA:7,0,1,8
BRDA:23,1,0,0
BRDA:23,1,1,8
BRDA:30,2,0,1
BRDA:30,2,1,7
BRF:6
BRH:5
end_of_record
TN:
SF:middlewares/errHandlers.js
FN:3,errHandler
FN:17,(anonymous_1)
FNF:2
FNH:2
FNDA:11,errHandler
FNDA:12,(anonymous_1)
DA:2,3
DA:4,11
DA:5,11
DA:7,11
DA:9,6
DA:10,5
DA:15,5
DA:17,11
DA:18,12
DA:21,9
LF:10
LH:10
BRDA:7,0,0,6
BRDA:7,0,1,5
BRDA:7,1,0,11
BRDA:7,1,1,6
BRDA:10,2,0,5
BRDA:10,2,1,0
BRDA:11,3,0,5
BRDA:11,3,1,4
BRDA:11,3,2,3
BRDA:11,3,3,2
BRF:10
BRH:9
end_of_record
TN:
SF:models/category.js
FN:2,(anonymous_0)
FN:6,(anonymous_1)
FNF:2
FNH:2
FNDA:3,(anonymous_0)
FNDA:3,(anonymous_1)
DA:2,3
DA:3,3
DA:8,3
DA:12,3
DA:16,3
LF:5
LH:5
BRF:0
BRH:0
end_of_record
TN:
SF:models/index.js
FN:20,(anonymous_0)
FN:23,(anonymous_1)
FN:28,(anonymous_2)
FNF:3
FNH:3
FNDA:12,(anonymous_0)
FNDA:9,(anonymous_1)
FNDA:9,(anonymous_2)
DA:3,3
DA:4,3
DA:5,3
DA:6,3
DA:7,3
DA:8,3
DA:9,3
DA:12,3
DA:13,0
DA:15,3
DA:18,3
DA:21,12
DA:24,9
DA:25,9
DA:28,3
DA:29,9
DA:30,9
DA:34,3
DA:35,3
DA:37,3
LF:20
LH:19
BRDA:7,0,0,3
BRDA:7,0,1,0
BRDA:12,1,0,0
BRDA:12,1,1,3
BRDA:21,2,0,12
BRDA:21,2,1,12
BRDA:21,2,2,9
BRDA:29,3,0,9
BRDA:29,3,1,0
BRF:9
BRH:6
end_of_record
TN:
SF:models/product.js
FN:2,(anonymous_0)
FN:6,(anonymous_1)
FNF:2
FNH:2
FNDA:3,(anonymous_0)
FNDA:3,(anonymous_1)
DA:2,3
DA:3,3
DA:8,3
DA:11,3
DA:46,3
LF:5
LH:5
BRF:0
BRH:0
end_of_record
TN:
SF:models/user.js
FN:4,(anonymous_0)
FN:8,(anonymous_1)
FN:50,(anonymous_2)
FN:55,(anonymous_3)
FNF:4
FNH:3
FNDA:3,(anonymous_0)
FNDA:3,(anonymous_1)
FNDA:5,(anonymous_2)
FNDA:0,(anonymous_3)
DA:2,3
DA:4,3
DA:5,3
DA:13,3
DA:51,5
DA:52,5
DA:56,0
DA:57,0
DA:62,3
LF:9
LH:7
BRF:0
BRH:0
end_of_record
TN:
SF:routes/categories.js
FNF:0
FNH:0
DA:1,3
DA:2,3
DA:4,3
DA:6,3
DA:8,3
LF:5
LH:5
BRF:0
BRH:0
end_of_record
TN:
SF:routes/index.js
FN:6,(anonymous_0)
FNF:1
FNH:0
FNDA:0,(anonymous_0)
DA:1,3
DA:3,3
DA:4,3
DA:5,3
DA:6,3
DA:8,3
LF:6
LH:6
BRF:0
BRH:0
end_of_record
TN:
SF:routes/products.js
FNF:0
FNH:0
DA:1,3
DA:2,3
DA:3,3
DA:5,3
DA:7,3
DA:10,3
DA:12,3
DA:14,3
DA:16,3
DA:18,3
LF:10
LH:10
BRF:0
BRH:0
end_of_record
TN:
SF:routes/users.js
FNF:0
FNH:0
DA:1,3
DA:2,3
DA:5,3
DA:8,3
DA:10,3
LF:5
LH:5
BRF:0
BRH:0
end_of_record
