{"/home/spielberg/Documents/Hacktiv-8/phase-2/week3/ecommerce-server/app.js": {"path":"/home/spielberg/Documents/Hacktiv-8/phase-2/week3/ecommerce-server/app.js","statementMap":{"0":{"start":{"line":1,"column":0},"end":{"line":3,"column":1}},"1":{"start":{"line":2,"column":4},"end":{"line":2,"column":30}},"2":{"start":{"line":4,"column":13},"end":{"line":4,"column":28}},"3":{"start":{"line":5,"column":16},"end":{"line":5,"column":34}},"4":{"start":{"line":6,"column":12},"end":{"line":6,"column":21}},"5":{"start":{"line":7,"column":15},"end":{"line":7,"column":40}},"6":{"start":{"line":8,"column":21},"end":{"line":8,"column":58}},"7":{"start":{"line":10,"column":0},"end":{"line":10,"column":15}},"8":{"start":{"line":11,"column":0},"end":{"line":11,"column":48}},"9":{"start":{"line":12,"column":0},"end":{"line":12,"column":23}},"10":{"start":{"line":14,"column":0},"end":{"line":14,"column":15}},"11":{"start":{"line":15,"column":0},"end":{"line":15,"column":21}},"12":{"start":{"line":17,"column":0},"end":{"line":17,"column":20}}},"fnMap":{},"branchMap":{"0":{"loc":{"start":{"line":1,"column":0},"end":{"line":3,"column":1}},"type":"if","locations":[{"start":{"line":1,"column":0},"end":{"line":3,"column":1}},{"start":{"line":1,"column":0},"end":{"line":3,"column":1}}],"line":1}},"s":{"0":2,"1":2,"2":2,"3":2,"4":2,"5":2,"6":2,"7":2,"8":2,"9":2,"10":2,"11":2,"12":2},"f":{},"b":{"0":[2,0]},"_coverageSchema":"1a1c01bbd47fc00a2c39e90264f33305004495a9","hash":"8c0f9a132c8dd5f9b3d756b01c12d78cf90481c7"}
,"/home/spielberg/Documents/Hacktiv-8/phase-2/week3/ecommerce-server/controllers/product.js": {"path":"/home/spielberg/Documents/Hacktiv-8/phase-2/week3/ecommerce-server/controllers/product.js","statementMap":{"0":{"start":{"line":1,"column":20},"end":{"line":1,"column":40}},"1":{"start":{"line":6,"column":58},"end":{"line":6,"column":66}},"2":{"start":{"line":8,"column":8},"end":{"line":17,"column":24}},"3":{"start":{"line":12,"column":16},"end":{"line":15,"column":18}},"4":{"start":{"line":20,"column":8},"end":{"line":34,"column":24}},"5":{"start":{"line":23,"column":16},"end":{"line":32,"column":17}},"6":{"start":{"line":24,"column":20},"end":{"line":26,"column":22}},"7":{"start":{"line":28,"column":20},"end":{"line":31,"column":22}},"8":{"start":{"line":37,"column":58},"end":{"line":37,"column":66}},"9":{"start":{"line":38,"column":23},"end":{"line":38,"column":33}},"10":{"start":{"line":40,"column":8},"end":{"line":51,"column":24}},"11":{"start":{"line":46,"column":16},"end":{"line":49,"column":18}},"12":{"start":{"line":54,"column":23},"end":{"line":54,"column":33}},"13":{"start":{"line":56,"column":8},"end":{"line":62,"column":24}},"14":{"start":{"line":58,"column":16},"end":{"line":60,"column":18}},"15":{"start":{"line":67,"column":0},"end":{"line":67,"column":22}}},"fnMap":{"0":{"name":"(anonymous_0)","decl":{"start":{"line":5,"column":4},"end":{"line":5,"column":5}},"loc":{"start":{"line":5,"column":34},"end":{"line":18,"column":5}},"line":5},"1":{"name":"(anonymous_1)","decl":{"start":{"line":11,"column":18},"end":{"line":11,"column":19}},"loc":{"start":{"line":11,"column":26},"end":{"line":16,"column":13}},"line":11},"2":{"name":"(anonymous_2)","decl":{"start":{"line":19,"column":4},"end":{"line":19,"column":5}},"loc":{"start":{"line":19,"column":35},"end":{"line":35,"column":5}},"line":19},"3":{"name":"(anonymous_3)","decl":{"start":{"line":21,"column":18},"end":{"line":21,"column":19}},"loc":{"start":{"line":21,"column":26},"end":{"line":33,"column":13}},"line":21},"4":{"name":"(anonymous_4)","decl":{"start":{"line":36,"column":4},"end":{"line":36,"column":5}},"loc":{"start":{"line":36,"column":34},"end":{"line":52,"column":5}},"line":36},"5":{"name":"(anonymous_5)","decl":{"start":{"line":43,"column":18},"end":{"line":43,"column":19}},"loc":{"start":{"line":43,"column":26},"end":{"line":50,"column":13}},"line":43},"6":{"name":"(anonymous_6)","decl":{"start":{"line":53,"column":4},"end":{"line":53,"column":5}},"loc":{"start":{"line":53,"column":35},"end":{"line":63,"column":5}},"line":53},"7":{"name":"(anonymous_7)","decl":{"start":{"line":57,"column":18},"end":{"line":57,"column":19}},"loc":{"start":{"line":57,"column":26},"end":{"line":61,"column":13}},"line":57}},"branchMap":{"0":{"loc":{"start":{"line":23,"column":16},"end":{"line":32,"column":17}},"type":"if","locations":[{"start":{"line":23,"column":16},"end":{"line":32,"column":17}},{"start":{"line":23,"column":16},"end":{"line":32,"column":17}}],"line":23}},"s":{"0":2,"1":0,"2":0,"3":0,"4":0,"5":0,"6":0,"7":0,"8":0,"9":0,"10":0,"11":0,"12":0,"13":0,"14":0,"15":2},"f":{"0":0,"1":0,"2":0,"3":0,"4":0,"5":0,"6":0,"7":0},"b":{"0":[0,0]},"_coverageSchema":"1a1c01bbd47fc00a2c39e90264f33305004495a9","hash":"a5291cb0217d9a7993c772a5848bbb9659ca9d55"}
,"/home/spielberg/Documents/Hacktiv-8/phase-2/week3/ecommerce-server/controllers/user.js": {"path":"/home/spielberg/Documents/Hacktiv-8/phase-2/week3/ecommerce-server/controllers/user.js","statementMap":{"0":{"start":{"line":1,"column":24},"end":{"line":1,"column":44}},"1":{"start":{"line":2,"column":24},"end":{"line":2,"column":49}},"2":{"start":{"line":3,"column":26},"end":{"line":3,"column":54}},"3":{"start":{"line":7,"column":46},"end":{"line":7,"column":54}},"4":{"start":{"line":9,"column":8},"end":{"line":18,"column":24}},"5":{"start":{"line":13,"column":16},"end":{"line":16,"column":18}},"6":{"start":{"line":21,"column":36},"end":{"line":21,"column":44}},"7":{"start":{"line":23,"column":8},"end":{"line":64,"column":24}},"8":{"start":{"line":25,"column":29},"end":{"line":25,"column":63}},"9":{"start":{"line":26,"column":16},"end":{"line":40,"column":17}},"10":{"start":{"line":27,"column":34},"end":{"line":27,"column":83}},"11":{"start":{"line":28,"column":34},"end":{"line":28,"column":65}},"12":{"start":{"line":30,"column":20},"end":{"line":37,"column":21}},"13":{"start":{"line":31,"column":24},"end":{"line":34,"column":26}},"14":{"start":{"line":36,"column":24},"end":{"line":36,"column":35}},"15":{"start":{"line":39,"column":20},"end":{"line":39,"column":31}},"16":{"start":{"line":43,"column":16},"end":{"line":62,"column":17}},"17":{"start":{"line":44,"column":34},"end":{"line":44,"column":72}},"18":{"start":{"line":45,"column":34},"end":{"line":45,"column":54}},"19":{"start":{"line":46,"column":20},"end":{"line":56,"column":21}},"20":{"start":{"line":47,"column":24},"end":{"line":50,"column":26}},"21":{"start":{"line":52,"column":24},"end":{"line":55,"column":26}},"22":{"start":{"line":58,"column":20},"end":{"line":61,"column":22}},"23":{"start":{"line":68,"column":0},"end":{"line":68,"column":31}}},"fnMap":{"0":{"name":"(anonymous_0)","decl":{"start":{"line":6,"column":4},"end":{"line":6,"column":5}},"loc":{"start":{"line":6,"column":36},"end":{"line":19,"column":5}},"line":6},"1":{"name":"(anonymous_1)","decl":{"start":{"line":12,"column":18},"end":{"line":12,"column":19}},"loc":{"start":{"line":12,"column":26},"end":{"line":17,"column":13}},"line":12},"2":{"name":"(anonymous_2)","decl":{"start":{"line":20,"column":4},"end":{"line":20,"column":5}},"loc":{"start":{"line":20,"column":33},"end":{"line":65,"column":5}},"line":20},"3":{"name":"(anonymous_3)","decl":{"start":{"line":24,"column":18},"end":{"line":24,"column":19}},"loc":{"start":{"line":24,"column":26},"end":{"line":41,"column":13}},"line":24},"4":{"name":"(anonymous_4)","decl":{"start":{"line":42,"column":18},"end":{"line":42,"column":19}},"loc":{"start":{"line":42,"column":26},"end":{"line":63,"column":13}},"line":42}},"branchMap":{"0":{"loc":{"start":{"line":26,"column":16},"end":{"line":40,"column":17}},"type":"if","locations":[{"start":{"line":26,"column":16},"end":{"line":40,"column":17}},{"start":{"line":26,"column":16},"end":{"line":40,"column":17}}],"line":26},"1":{"loc":{"start":{"line":30,"column":20},"end":{"line":37,"column":21}},"type":"if","locations":[{"start":{"line":30,"column":20},"end":{"line":37,"column":21}},{"start":{"line":30,"column":20},"end":{"line":37,"column":21}}],"line":30},"2":{"loc":{"start":{"line":43,"column":16},"end":{"line":62,"column":17}},"type":"if","locations":[{"start":{"line":43,"column":16},"end":{"line":62,"column":17}},{"start":{"line":43,"column":16},"end":{"line":62,"column":17}}],"line":43},"3":{"loc":{"start":{"line":46,"column":20},"end":{"line":56,"column":21}},"type":"if","locations":[{"start":{"line":46,"column":20},"end":{"line":56,"column":21}},{"start":{"line":46,"column":20},"end":{"line":56,"column":21}}],"line":46}},"s":{"0":2,"1":2,"2":2,"3":1,"4":1,"5":0,"6":0,"7":0,"8":0,"9":0,"10":0,"11":0,"12":0,"13":0,"14":0,"15":0,"16":0,"17":0,"18":0,"19":0,"20":0,"21":0,"22":0,"23":2},"f":{"0":1,"1":0,"2":0,"3":0,"4":0},"b":{"0":[0,0],"1":[0,0],"2":[0,0],"3":[0,0]},"_coverageSchema":"1a1c01bbd47fc00a2c39e90264f33305004495a9","hash":"b461ac3608dd8919dee78d8bd0abb35ed393e92d"}
,"/home/spielberg/Documents/Hacktiv-8/phase-2/week3/ecommerce-server/helpers/bcrypt.js": {"path":"/home/spielberg/Documents/Hacktiv-8/phase-2/week3/ecommerce-server/helpers/bcrypt.js","statementMap":{"0":{"start":{"line":1,"column":15},"end":{"line":1,"column":34}},"1":{"start":{"line":2,"column":13},"end":{"line":2,"column":35}},"2":{"start":{"line":4,"column":0},"end":{"line":11,"column":1}},"3":{"start":{"line":6,"column":8},"end":{"line":6,"column":46}},"4":{"start":{"line":9,"column":8},"end":{"line":9,"column":56}}},"fnMap":{"0":{"name":"(anonymous_0)","decl":{"start":{"line":5,"column":4},"end":{"line":5,"column":5}},"loc":{"start":{"line":5,"column":26},"end":{"line":7,"column":5}},"line":5},"1":{"name":"(anonymous_1)","decl":{"start":{"line":8,"column":4},"end":{"line":8,"column":5}},"loc":{"start":{"line":8,"column":40},"end":{"line":10,"column":5}},"line":8}},"branchMap":{},"s":{"0":2,"1":2,"2":2,"3":3,"4":0},"f":{"0":3,"1":0},"b":{},"_coverageSchema":"1a1c01bbd47fc00a2c39e90264f33305004495a9","hash":"ebaaee6a89a345054fc7aa23128a2e675781ee96"}
,"/home/spielberg/Documents/Hacktiv-8/phase-2/week3/ecommerce-server/helpers/jwt.js": {"path":"/home/spielberg/Documents/Hacktiv-8/phase-2/week3/ecommerce-server/helpers/jwt.js","statementMap":{"0":{"start":{"line":1,"column":12},"end":{"line":1,"column":35}},"1":{"start":{"line":2,"column":15},"end":{"line":2,"column":33}},"2":{"start":{"line":4,"column":0},"end":{"line":11,"column":1}},"3":{"start":{"line":6,"column":8},"end":{"line":6,"column":41}},"4":{"start":{"line":9,"column":8},"end":{"line":9,"column":42}}},"fnMap":{"0":{"name":"(anonymous_0)","decl":{"start":{"line":5,"column":4},"end":{"line":5,"column":5}},"loc":{"start":{"line":5,"column":20},"end":{"line":7,"column":5}},"line":5},"1":{"name":"(anonymous_1)","decl":{"start":{"line":8,"column":4},"end":{"line":8,"column":5}},"loc":{"start":{"line":8,"column":23},"end":{"line":10,"column":5}},"line":8}},"branchMap":{},"s":{"0":2,"1":2,"2":2,"3":1,"4":0},"f":{"0":1,"1":0},"b":{},"_coverageSchema":"1a1c01bbd47fc00a2c39e90264f33305004495a9","hash":"dbaa56bccfe72e80c8bec5ff043a87f0b8eb02cd"}
,"/home/spielberg/Documents/Hacktiv-8/phase-2/week3/ecommerce-server/middlewares/authentication.js": {"path":"/home/spielberg/Documents/Hacktiv-8/phase-2/week3/ecommerce-server/middlewares/authentication.js","statementMap":{"0":{"start":{"line":1,"column":18},"end":{"line":1,"column":38}},"1":{"start":{"line":2,"column":24},"end":{"line":2,"column":49}},"2":{"start":{"line":4,"column":0},"end":{"line":26,"column":1}},"3":{"start":{"line":6,"column":4},"end":{"line":25,"column":5}},"4":{"start":{"line":7,"column":23},"end":{"line":7,"column":53}},"5":{"start":{"line":10,"column":8},"end":{"line":22,"column":24}},"6":{"start":{"line":12,"column":16},"end":{"line":20,"column":17}},"7":{"start":{"line":13,"column":20},"end":{"line":13,"column":49}},"8":{"start":{"line":14,"column":20},"end":{"line":14,"column":26}},"9":{"start":{"line":16,"column":20},"end":{"line":19,"column":22}},"10":{"start":{"line":24,"column":8},"end":{"line":24,"column":17}}},"fnMap":{"0":{"name":"(anonymous_0)","decl":{"start":{"line":4,"column":17},"end":{"line":4,"column":18}},"loc":{"start":{"line":4,"column":37},"end":{"line":26,"column":1}},"line":4},"1":{"name":"(anonymous_1)","decl":{"start":{"line":11,"column":14},"end":{"line":11,"column":15}},"loc":{"start":{"line":11,"column":22},"end":{"line":21,"column":13}},"line":11}},"branchMap":{"0":{"loc":{"start":{"line":12,"column":16},"end":{"line":20,"column":17}},"type":"if","locations":[{"start":{"line":12,"column":16},"end":{"line":20,"column":17}},{"start":{"line":12,"column":16},"end":{"line":20,"column":17}}],"line":12}},"s":{"0":2,"1":2,"2":2,"3":0,"4":0,"5":0,"6":0,"7":0,"8":0,"9":0,"10":0},"f":{"0":0,"1":0},"b":{"0":[0,0]},"_coverageSchema":"1a1c01bbd47fc00a2c39e90264f33305004495a9","hash":"c244cdd3cdbe72a7e4d942b070843074dd418ae9"}
,"/home/spielberg/Documents/Hacktiv-8/phase-2/week3/ecommerce-server/middlewares/authorized.js": {"path":"/home/spielberg/Documents/Hacktiv-8/phase-2/week3/ecommerce-server/middlewares/authorized.js","statementMap":{"0":{"start":{"line":1,"column":17},"end":{"line":1,"column":37}},"1":{"start":{"line":3,"column":0},"end":{"line":12,"column":1}},"2":{"start":{"line":5,"column":25},"end":{"line":5,"column":36}},"3":{"start":{"line":7,"column":8},"end":{"line":10,"column":10}}},"fnMap":{"0":{"name":"(anonymous_0)","decl":{"start":{"line":4,"column":4},"end":{"line":4,"column":5}},"loc":{"start":{"line":4,"column":26},"end":{"line":11,"column":5}},"line":4}},"branchMap":{"0":{"loc":{"start":{"line":7,"column":8},"end":{"line":10,"column":10}},"type":"cond-expr","locations":[{"start":{"line":7,"column":15},"end":{"line":7,"column":21}},{"start":{"line":7,"column":24},"end":{"line":10,"column":10}}],"line":7}},"s":{"0":2,"1":2,"2":0,"3":0},"f":{"0":0},"b":{"0":[0,0]},"_coverageSchema":"1a1c01bbd47fc00a2c39e90264f33305004495a9","hash":"2acccbd538013ab0279d9f4262adcf7951371873"}
,"/home/spielberg/Documents/Hacktiv-8/phase-2/week3/ecommerce-server/middlewares/errorHandler.js": {"path":"/home/spielberg/Documents/Hacktiv-8/phase-2/week3/ecommerce-server/middlewares/errorHandler.js","statementMap":{"0":{"start":{"line":1,"column":0},"end":{"line":24,"column":1}},"1":{"start":{"line":2,"column":21},"end":{"line":2,"column":25}},"2":{"start":{"line":3,"column":18},"end":{"line":3,"column":20}},"3":{"start":{"line":4,"column":15},"end":{"line":4,"column":17}},"4":{"start":{"line":5,"column":4},"end":{"line":5,"column":30}},"5":{"start":{"line":6,"column":4},"end":{"line":18,"column":5}},"6":{"start":{"line":7,"column":8},"end":{"line":9,"column":11}},"7":{"start":{"line":8,"column":12},"end":{"line":8,"column":33}},"8":{"start":{"line":10,"column":8},"end":{"line":10,"column":24}},"9":{"start":{"line":11,"column":8},"end":{"line":11,"column":25}},"10":{"start":{"line":12,"column":10},"end":{"line":18,"column":5}},"11":{"start":{"line":13,"column":8},"end":{"line":13,"column":31}},"12":{"start":{"line":14,"column":8},"end":{"line":14,"column":29}},"13":{"start":{"line":16,"column":8},"end":{"line":16,"column":24}},"14":{"start":{"line":17,"column":8},"end":{"line":17,"column":41}},"15":{"start":{"line":21,"column":4},"end":{"line":23,"column":6}}},"fnMap":{"0":{"name":"(anonymous_0)","decl":{"start":{"line":1,"column":17},"end":{"line":1,"column":18}},"loc":{"start":{"line":1,"column":40},"end":{"line":24,"column":1}},"line":1},"1":{"name":"(anonymous_1)","decl":{"start":{"line":7,"column":27},"end":{"line":7,"column":28}},"loc":{"start":{"line":7,"column":33},"end":{"line":9,"column":9}},"line":7}},"branchMap":{"0":{"loc":{"start":{"line":6,"column":4},"end":{"line":18,"column":5}},"type":"if","locations":[{"start":{"line":6,"column":4},"end":{"line":18,"column":5}},{"start":{"line":6,"column":4},"end":{"line":18,"column":5}}],"line":6},"1":{"loc":{"start":{"line":12,"column":10},"end":{"line":18,"column":5}},"type":"if","locations":[{"start":{"line":12,"column":10},"end":{"line":18,"column":5}},{"start":{"line":12,"column":10},"end":{"line":18,"column":5}}],"line":12}},"s":{"0":2,"1":1,"2":1,"3":1,"4":1,"5":1,"6":1,"7":1,"8":1,"9":1,"10":0,"11":0,"12":0,"13":0,"14":0,"15":1},"f":{"0":1,"1":1},"b":{"0":[1,0],"1":[0,0]},"_coverageSchema":"1a1c01bbd47fc00a2c39e90264f33305004495a9","hash":"53d8765e09be463883df823605880e79f3f31f2b"}
,"/home/spielberg/Documents/Hacktiv-8/phase-2/week3/ecommerce-server/models/admin.js": {"path":"/home/spielberg/Documents/Hacktiv-8/phase-2/week3/ecommerce-server/models/admin.js","statementMap":{"0":{"start":{"line":2,"column":0},"end":{"line":15,"column":2}},"1":{"start":{"line":8,"column":2},"end":{"line":13,"column":19}},"2":{"start":{"line":14,"column":2},"end":{"line":14,"column":15}}},"fnMap":{"0":{"name":"(anonymous_0)","decl":{"start":{"line":2,"column":17},"end":{"line":2,"column":18}},"loc":{"start":{"line":2,"column":43},"end":{"line":15,"column":1}},"line":2},"1":{"name":"(anonymous_1)","decl":{"start":{"line":4,"column":4},"end":{"line":4,"column":5}},"loc":{"start":{"line":4,"column":29},"end":{"line":6,"column":5}},"line":4}},"branchMap":{},"s":{"0":2,"1":2,"2":2},"f":{"0":2,"1":2},"b":{},"_coverageSchema":"1a1c01bbd47fc00a2c39e90264f33305004495a9","hash":"f31d19dc887581103f25161f35b44a82e64defd2"}
,"/home/spielberg/Documents/Hacktiv-8/phase-2/week3/ecommerce-server/models/index.js": {"path":"/home/spielberg/Documents/Hacktiv-8/phase-2/week3/ecommerce-server/models/index.js","statementMap":{"0":{"start":{"line":3,"column":11},"end":{"line":3,"column":24}},"1":{"start":{"line":4,"column":13},"end":{"line":4,"column":28}},"2":{"start":{"line":5,"column":18},"end":{"line":5,"column":38}},"3":{"start":{"line":6,"column":17},"end":{"line":6,"column":42}},"4":{"start":{"line":7,"column":12},"end":{"line":7,"column":49}},"5":{"start":{"line":8,"column":15},"end":{"line":8,"column":65}},"6":{"start":{"line":9,"column":11},"end":{"line":9,"column":13}},"7":{"start":{"line":12,"column":0},"end":{"line":16,"column":1}},"8":{"start":{"line":13,"column":2},"end":{"line":13,"column":74}},"9":{"start":{"line":15,"column":2},"end":{"line":15,"column":87}},"10":{"start":{"line":18,"column":0},"end":{"line":26,"column":5}},"11":{"start":{"line":21,"column":4},"end":{"line":21,"column":90}},"12":{"start":{"line":24,"column":18},"end":{"line":24,"column":65}},"13":{"start":{"line":25,"column":4},"end":{"line":25,"column":27}},"14":{"start":{"line":28,"column":0},"end":{"line":32,"column":3}},"15":{"start":{"line":29,"column":2},"end":{"line":31,"column":3}},"16":{"start":{"line":30,"column":4},"end":{"line":30,"column":32}},"17":{"start":{"line":34,"column":0},"end":{"line":34,"column":25}},"18":{"start":{"line":35,"column":0},"end":{"line":35,"column":25}},"19":{"start":{"line":37,"column":0},"end":{"line":37,"column":20}}},"fnMap":{"0":{"name":"(anonymous_0)","decl":{"start":{"line":20,"column":10},"end":{"line":20,"column":11}},"loc":{"start":{"line":20,"column":18},"end":{"line":22,"column":3}},"line":20},"1":{"name":"(anonymous_1)","decl":{"start":{"line":23,"column":11},"end":{"line":23,"column":12}},"loc":{"start":{"line":23,"column":19},"end":{"line":26,"column":3}},"line":23},"2":{"name":"(anonymous_2)","decl":{"start":{"line":28,"column":24},"end":{"line":28,"column":25}},"loc":{"start":{"line":28,"column":37},"end":{"line":32,"column":1}},"line":28}},"branchMap":{"0":{"loc":{"start":{"line":7,"column":12},"end":{"line":7,"column":49}},"type":"binary-expr","locations":[{"start":{"line":7,"column":12},"end":{"line":7,"column":32}},{"start":{"line":7,"column":36},"end":{"line":7,"column":49}}],"line":7},"1":{"loc":{"start":{"line":12,"column":0},"end":{"line":16,"column":1}},"type":"if","locations":[{"start":{"line":12,"column":0},"end":{"line":16,"column":1}},{"start":{"line":12,"column":0},"end":{"line":16,"column":1}}],"line":12},"2":{"loc":{"start":{"line":21,"column":11},"end":{"line":21,"column":89}},"type":"binary-expr","locations":[{"start":{"line":21,"column":12},"end":{"line":21,"column":35}},{"start":{"line":21,"column":41},"end":{"line":21,"column":58}},{"start":{"line":21,"column":64},"end":{"line":21,"column":88}}],"line":21},"3":{"loc":{"start":{"line":29,"column":2},"end":{"line":31,"column":3}},"type":"if","locations":[{"start":{"line":29,"column":2},"end":{"line":31,"column":3}},{"start":{"line":29,"column":2},"end":{"line":31,"column":3}}],"line":29}},"s":{"0":2,"1":2,"2":2,"3":2,"4":2,"5":2,"6":2,"7":2,"8":0,"9":2,"10":2,"11":8,"12":6,"13":6,"14":2,"15":6,"16":6,"17":2,"18":2,"19":2},"f":{"0":8,"1":6,"2":6},"b":{"0":[2,0],"1":[0,2],"2":[8,8,6],"3":[6,0]},"_coverageSchema":"1a1c01bbd47fc00a2c39e90264f33305004495a9","hash":"13fb2f570d022d8dbba4d909fe234eec3a15a7ef"}
,"/home/spielberg/Documents/Hacktiv-8/phase-2/week3/ecommerce-server/models/product.js": {"path":"/home/spielberg/Documents/Hacktiv-8/phase-2/week3/ecommerce-server/models/product.js","statementMap":{"0":{"start":{"line":3,"column":0},"end":{"line":59,"column":2}},"1":{"start":{"line":9,"column":2},"end":{"line":57,"column":4}},"2":{"start":{"line":58,"column":2},"end":{"line":58,"column":17}}},"fnMap":{"0":{"name":"(anonymous_0)","decl":{"start":{"line":3,"column":17},"end":{"line":3,"column":18}},"loc":{"start":{"line":3,"column":43},"end":{"line":59,"column":1}},"line":3},"1":{"name":"(anonymous_1)","decl":{"start":{"line":5,"column":4},"end":{"line":5,"column":5}},"loc":{"start":{"line":5,"column":29},"end":{"line":7,"column":5}},"line":5}},"branchMap":{},"s":{"0":2,"1":2,"2":2},"f":{"0":2,"1":2},"b":{},"_coverageSchema":"1a1c01bbd47fc00a2c39e90264f33305004495a9","hash":"3d82a1bb7b9a68ddabb3b9febe09e9ef14401353"}
,"/home/spielberg/Documents/Hacktiv-8/phase-2/week3/ecommerce-server/models/user.js": {"path":"/home/spielberg/Documents/Hacktiv-8/phase-2/week3/ecommerce-server/models/user.js","statementMap":{"0":{"start":{"line":3,"column":25},"end":{"line":3,"column":53}},"1":{"start":{"line":5,"column":0},"end":{"line":79,"column":2}},"2":{"start":{"line":13,"column":2},"end":{"line":76,"column":4}},"3":{"start":{"line":60,"column":8},"end":{"line":68,"column":22}},"4":{"start":{"line":62,"column":12},"end":{"line":66,"column":13}},"5":{"start":{"line":63,"column":14},"end":{"line":63,"column":42}},"6":{"start":{"line":65,"column":14},"end":{"line":65,"column":20}},"7":{"start":{"line":73,"column":8},"end":{"line":73,"column":51}},"8":{"start":{"line":78,"column":2},"end":{"line":78,"column":14}}},"fnMap":{"0":{"name":"(anonymous_0)","decl":{"start":{"line":5,"column":17},"end":{"line":5,"column":18}},"loc":{"start":{"line":5,"column":43},"end":{"line":79,"column":1}},"line":5},"1":{"name":"(anonymous_1)","decl":{"start":{"line":8,"column":4},"end":{"line":8,"column":5}},"loc":{"start":{"line":8,"column":29},"end":{"line":10,"column":5}},"line":8},"2":{"name":"(anonymous_2)","decl":{"start":{"line":59,"column":6},"end":{"line":59,"column":7}},"loc":{"start":{"line":59,"column":23},"end":{"line":69,"column":7}},"line":59},"3":{"name":"(anonymous_3)","decl":{"start":{"line":61,"column":16},"end":{"line":61,"column":17}},"loc":{"start":{"line":61,"column":24},"end":{"line":67,"column":11}},"line":61},"4":{"name":"(anonymous_4)","decl":{"start":{"line":72,"column":20},"end":{"line":72,"column":21}},"loc":{"start":{"line":72,"column":39},"end":{"line":74,"column":7}},"line":72}},"branchMap":{"0":{"loc":{"start":{"line":62,"column":12},"end":{"line":66,"column":13}},"type":"if","locations":[{"start":{"line":62,"column":12},"end":{"line":66,"column":13}},{"start":{"line":62,"column":12},"end":{"line":66,"column":13}}],"line":62}},"s":{"0":2,"1":2,"2":2,"3":4,"4":4,"5":1,"6":3,"7":3,"8":2},"f":{"0":2,"1":2,"2":4,"3":4,"4":3},"b":{"0":[1,3]},"_coverageSchema":"1a1c01bbd47fc00a2c39e90264f33305004495a9","hash":"c033ac784c54f8b12c6431a7de7e57af00a7bcf9"}
,"/home/spielberg/Documents/Hacktiv-8/phase-2/week3/ecommerce-server/routes/index.js": {"path":"/home/spielberg/Documents/Hacktiv-8/phase-2/week3/ecommerce-server/routes/index.js","statementMap":{"0":{"start":{"line":1,"column":15},"end":{"line":1,"column":42}},"1":{"start":{"line":2,"column":13},"end":{"line":2,"column":30}},"2":{"start":{"line":3,"column":16},"end":{"line":3,"column":36}},"3":{"start":{"line":5,"column":0},"end":{"line":5,"column":26}},"4":{"start":{"line":6,"column":0},"end":{"line":6,"column":37}},"5":{"start":{"line":8,"column":0},"end":{"line":8,"column":23}}},"fnMap":{},"branchMap":{},"s":{"0":2,"1":2,"2":2,"3":2,"4":2,"5":2},"f":{},"b":{},"_coverageSchema":"1a1c01bbd47fc00a2c39e90264f33305004495a9","hash":"e507eaddde36a7ee941ae47514f58f4caa8b9a93"}
,"/home/spielberg/Documents/Hacktiv-8/phase-2/week3/ecommerce-server/routes/product.js": {"path":"/home/spielberg/Documents/Hacktiv-8/phase-2/week3/ecommerce-server/routes/product.js","statementMap":{"0":{"start":{"line":1,"column":15},"end":{"line":1,"column":42}},"1":{"start":{"line":2,"column":44},"end":{"line":2,"column":77}},"2":{"start":{"line":3,"column":23},"end":{"line":3,"column":63}},"3":{"start":{"line":4,"column":18},"end":{"line":4,"column":54}},"4":{"start":{"line":6,"column":0},"end":{"line":6,"column":24}},"5":{"start":{"line":8,"column":0},"end":{"line":8,"column":26}},"6":{"start":{"line":9,"column":0},"end":{"line":9,"column":17}},"7":{"start":{"line":11,"column":0},"end":{"line":11,"column":24}},"8":{"start":{"line":12,"column":0},"end":{"line":12,"column":26}},"9":{"start":{"line":13,"column":0},"end":{"line":13,"column":30}},"10":{"start":{"line":15,"column":0},"end":{"line":15,"column":23}}},"fnMap":{},"branchMap":{},"s":{"0":2,"1":2,"2":2,"3":2,"4":2,"5":2,"6":2,"7":2,"8":2,"9":2,"10":2},"f":{},"b":{},"_coverageSchema":"1a1c01bbd47fc00a2c39e90264f33305004495a9","hash":"56bde8581562c719afacc3702cfc5325736f2f7a"}
,"/home/spielberg/Documents/Hacktiv-8/phase-2/week3/ecommerce-server/routes/user.js": {"path":"/home/spielberg/Documents/Hacktiv-8/phase-2/week3/ecommerce-server/routes/user.js","statementMap":{"0":{"start":{"line":1,"column":15},"end":{"line":1,"column":42}},"1":{"start":{"line":2,"column":28},"end":{"line":2,"column":58}},"2":{"start":{"line":4,"column":0},"end":{"line":4,"column":34}},"3":{"start":{"line":5,"column":0},"end":{"line":5,"column":28}},"4":{"start":{"line":7,"column":0},"end":{"line":7,"column":23}}},"fnMap":{},"branchMap":{},"s":{"0":2,"1":2,"2":2,"3":2,"4":2},"f":{},"b":{},"_coverageSchema":"1a1c01bbd47fc00a2c39e90264f33305004495a9","hash":"61982b07da48e5d1e978ba5975343df6bd33c5b3"}
}
