{"/home/dk/hacktiv8/phase-2/e-commerce/ecommerce-server/app.js": {"path":"/home/dk/hacktiv8/phase-2/e-commerce/ecommerce-server/app.js","statementMap":{"0":{"start":{"line":1,"column":0},"end":{"line":3,"column":1}},"1":{"start":{"line":2,"column":4},"end":{"line":2,"column":30}},"2":{"start":{"line":5,"column":16},"end":{"line":5,"column":34}},"3":{"start":{"line":6,"column":15},"end":{"line":6,"column":40}},"4":{"start":{"line":7,"column":14},"end":{"line":7,"column":44}},"5":{"start":{"line":8,"column":13},"end":{"line":8,"column":28}},"6":{"start":{"line":10,"column":12},"end":{"line":10,"column":21}},"7":{"start":{"line":13,"column":0},"end":{"line":13,"column":46}},"8":{"start":{"line":14,"column":0},"end":{"line":14,"column":23}},"9":{"start":{"line":15,"column":0},"end":{"line":15,"column":15}},"10":{"start":{"line":18,"column":0},"end":{"line":18,"column":20}},"11":{"start":{"line":19,"column":0},"end":{"line":19,"column":14}},"12":{"start":{"line":21,"column":0},"end":{"line":21,"column":20}}},"fnMap":{},"branchMap":{"0":{"loc":{"start":{"line":1,"column":0},"end":{"line":3,"column":1}},"type":"if","locations":[{"start":{"line":1,"column":0},"end":{"line":3,"column":1}},{"start":{"line":1,"column":0},"end":{"line":3,"column":1}}],"line":1},"1":{"loc":{"start":{"line":1,"column":4},"end":{"line":1,"column":75}},"type":"binary-expr","locations":[{"start":{"line":1,"column":4},"end":{"line":1,"column":33}},{"start":{"line":1,"column":37},"end":{"line":1,"column":75}}],"line":1}},"s":{"0":2,"1":2,"2":2,"3":2,"4":2,"5":2,"6":2,"7":2,"8":2,"9":2,"10":2,"11":2,"12":2},"f":{},"b":{"0":[2,0],"1":[2,0]},"_coverageSchema":"1a1c01bbd47fc00a2c39e90264f33305004495a9","hash":"b63da3ca70b763ddb7265b0f3881e435f2821412"}
,"/home/dk/hacktiv8/phase-2/e-commerce/ecommerce-server/controllers/productController.js": {"path":"/home/dk/hacktiv8/phase-2/e-commerce/ecommerce-server/controllers/productController.js","statementMap":{"0":{"start":{"line":1,"column":47},"end":{"line":1,"column":67}},"1":{"start":{"line":5,"column":58},"end":{"line":5,"column":66}},"2":{"start":{"line":6,"column":23},"end":{"line":6,"column":25}},"3":{"start":{"line":7,"column":8},"end":{"line":29,"column":24}},"4":{"start":{"line":11,"column":16},"end":{"line":16,"column":17}},"5":{"start":{"line":17,"column":33},"end":{"line":17,"column":35}},"6":{"start":{"line":18,"column":16},"end":{"line":23,"column":17}},"7":{"start":{"line":18,"column":29},"end":{"line":18,"column":30}},"8":{"start":{"line":19,"column":20},"end":{"line":22,"column":23}},"9":{"start":{"line":24,"column":16},"end":{"line":24,"column":44}},"10":{"start":{"line":27,"column":16},"end":{"line":27,"column":46}},"11":{"start":{"line":33,"column":8},"end":{"line":43,"column":14}},"12":{"start":{"line":37,"column":16},"end":{"line":39,"column":18}},"13":{"start":{"line":42,"column":16},"end":{"line":42,"column":25}},"14":{"start":{"line":47,"column":58},"end":{"line":47,"column":66}},"15":{"start":{"line":48,"column":25},"end":{"line":61,"column":9}},"16":{"start":{"line":62,"column":8},"end":{"line":79,"column":24}},"17":{"start":{"line":64,"column":34},"end":{"line":64,"column":36}},"18":{"start":{"line":65,"column":16},"end":{"line":70,"column":17}},"19":{"start":{"line":65,"column":29},"end":{"line":65,"column":30}},"20":{"start":{"line":66,"column":20},"end":{"line":69,"column":23}},"21":{"start":{"line":71,"column":16},"end":{"line":71,"column":45}},"22":{"start":{"line":74,"column":16},"end":{"line":77,"column":18}},"23":{"start":{"line":83,"column":25},"end":{"line":94,"column":9}},"24":{"start":{"line":95,"column":8},"end":{"line":101,"column":24}},"25":{"start":{"line":97,"column":16},"end":{"line":99,"column":18}},"26":{"start":{"line":105,"column":8},"end":{"line":116,"column":14}},"27":{"start":{"line":109,"column":16},"end":{"line":111,"column":18}},"28":{"start":{"line":114,"column":16},"end":{"line":114,"column":32}},"29":{"start":{"line":115,"column":16},"end":{"line":115,"column":25}},"30":{"start":{"line":120,"column":0},"end":{"line":120,"column":34}}},"fnMap":{"0":{"name":"(anonymous_0)","decl":{"start":{"line":4,"column":4},"end":{"line":4,"column":5}},"loc":{"start":{"line":4,"column":39},"end":{"line":30,"column":5}},"line":4},"1":{"name":"(anonymous_1)","decl":{"start":{"line":10,"column":18},"end":{"line":10,"column":19}},"loc":{"start":{"line":10,"column":29},"end":{"line":25,"column":13}},"line":10},"2":{"name":"(anonymous_2)","decl":{"start":{"line":26,"column":18},"end":{"line":26,"column":19}},"loc":{"start":{"line":26,"column":26},"end":{"line":28,"column":13}},"line":26},"3":{"name":"(anonymous_3)","decl":{"start":{"line":32,"column":4},"end":{"line":32,"column":5}},"loc":{"start":{"line":32,"column":40},"end":{"line":44,"column":5}},"line":32},"4":{"name":"(anonymous_4)","decl":{"start":{"line":36,"column":18},"end":{"line":36,"column":19}},"loc":{"start":{"line":36,"column":30},"end":{"line":40,"column":13}},"line":36},"5":{"name":"(anonymous_5)","decl":{"start":{"line":41,"column":19},"end":{"line":41,"column":20}},"loc":{"start":{"line":41,"column":26},"end":{"line":43,"column":13}},"line":41},"6":{"name":"(anonymous_6)","decl":{"start":{"line":46,"column":4},"end":{"line":46,"column":5}},"loc":{"start":{"line":46,"column":42},"end":{"line":80,"column":5}},"line":46},"7":{"name":"(anonymous_7)","decl":{"start":{"line":63,"column":18},"end":{"line":63,"column":19}},"loc":{"start":{"line":63,"column":29},"end":{"line":72,"column":13}},"line":63},"8":{"name":"(anonymous_8)","decl":{"start":{"line":73,"column":18},"end":{"line":73,"column":19}},"loc":{"start":{"line":73,"column":26},"end":{"line":78,"column":13}},"line":73},"9":{"name":"(anonymous_9)","decl":{"start":{"line":82,"column":4},"end":{"line":82,"column":5}},"loc":{"start":{"line":82,"column":42},"end":{"line":102,"column":5}},"line":82},"10":{"name":"(anonymous_10)","decl":{"start":{"line":96,"column":18},"end":{"line":96,"column":19}},"loc":{"start":{"line":96,"column":29},"end":{"line":100,"column":13}},"line":96},"11":{"name":"(anonymous_11)","decl":{"start":{"line":104,"column":4},"end":{"line":104,"column":5}},"loc":{"start":{"line":104,"column":37},"end":{"line":117,"column":5}},"line":104},"12":{"name":"(anonymous_12)","decl":{"start":{"line":108,"column":18},"end":{"line":108,"column":19}},"loc":{"start":{"line":108,"column":26},"end":{"line":112,"column":13}},"line":108},"13":{"name":"(anonymous_13)","decl":{"start":{"line":113,"column":19},"end":{"line":113,"column":20}},"loc":{"start":{"line":113,"column":26},"end":{"line":116,"column":13}},"line":113}},"branchMap":{},"s":{"0":2,"1":8,"2":8,"3":8,"4":1,"5":1,"6":1,"7":1,"8":2,"9":1,"10":1,"11":1,"12":1,"13":0,"14":1,"15":1,"16":1,"17":1,"18":1,"19":1,"20":0,"21":0,"22":0,"23":1,"24":1,"25":1,"26":0,"27":0,"28":0,"29":0,"30":2},"f":{"0":8,"1":1,"2":1,"3":1,"4":1,"5":0,"6":1,"7":1,"8":0,"9":1,"10":1,"11":0,"12":0,"13":0},"b":{},"_coverageSchema":"1a1c01bbd47fc00a2c39e90264f33305004495a9","hash":"f5172586c5ded43aa8e2550c6ad8ec5d65d2a711"}
,"/home/dk/hacktiv8/phase-2/e-commerce/ecommerce-server/controllers/userController.js": {"path":"/home/dk/hacktiv8/phase-2/e-commerce/ecommerce-server/controllers/userController.js","statementMap":{"0":{"start":{"line":1,"column":17},"end":{"line":1,"column":37}},"1":{"start":{"line":2,"column":26},"end":{"line":2,"column":56}},"2":{"start":{"line":3,"column":26},"end":{"line":3,"column":51}},"3":{"start":{"line":7,"column":72},"end":{"line":7,"column":80}},"4":{"start":{"line":8,"column":8},"end":{"line":20,"column":24}},"5":{"start":{"line":12,"column":16},"end":{"line":18,"column":18}},"6":{"start":{"line":24,"column":36},"end":{"line":24,"column":44}},"7":{"start":{"line":25,"column":8},"end":{"line":57,"column":24}},"8":{"start":{"line":31,"column":16},"end":{"line":55,"column":17}},"9":{"start":{"line":32,"column":20},"end":{"line":35,"column":22}},"10":{"start":{"line":37,"column":34},"end":{"line":37,"column":72}},"11":{"start":{"line":38,"column":20},"end":{"line":54,"column":21}},"12":{"start":{"line":39,"column":38},"end":{"line":43,"column":26}},"13":{"start":{"line":44,"column":24},"end":{"line":48,"column":26}},"14":{"start":{"line":50,"column":24},"end":{"line":53,"column":26}},"15":{"start":{"line":61,"column":0},"end":{"line":61,"column":31}}},"fnMap":{"0":{"name":"(anonymous_0)","decl":{"start":{"line":6,"column":4},"end":{"line":6,"column":5}},"loc":{"start":{"line":6,"column":37},"end":{"line":21,"column":5}},"line":6},"1":{"name":"(anonymous_1)","decl":{"start":{"line":11,"column":18},"end":{"line":11,"column":19}},"loc":{"start":{"line":11,"column":26},"end":{"line":19,"column":13}},"line":11},"2":{"name":"(anonymous_2)","decl":{"start":{"line":23,"column":4},"end":{"line":23,"column":5}},"loc":{"start":{"line":23,"column":34},"end":{"line":58,"column":5}},"line":23},"3":{"name":"(anonymous_3)","decl":{"start":{"line":30,"column":18},"end":{"line":30,"column":19}},"loc":{"start":{"line":30,"column":26},"end":{"line":56,"column":13}},"line":30}},"branchMap":{"0":{"loc":{"start":{"line":9,"column":67},"end":{"line":9,"column":80}},"type":"binary-expr","locations":[{"start":{"line":9,"column":67},"end":{"line":9,"column":71}},{"start":{"line":9,"column":75},"end":{"line":9,"column":80}}],"line":9},"1":{"loc":{"start":{"line":31,"column":16},"end":{"line":55,"column":17}},"type":"if","locations":[{"start":{"line":31,"column":16},"end":{"line":55,"column":17}},{"start":{"line":31,"column":16},"end":{"line":55,"column":17}}],"line":31},"2":{"loc":{"start":{"line":38,"column":20},"end":{"line":54,"column":21}},"type":"if","locations":[{"start":{"line":38,"column":20},"end":{"line":54,"column":21}},{"start":{"line":38,"column":20},"end":{"line":54,"column":21}}],"line":38}},"s":{"0":2,"1":2,"2":2,"3":9,"4":9,"5":1,"6":3,"7":3,"8":3,"9":1,"10":2,"11":2,"12":1,"13":1,"14":1,"15":2},"f":{"0":9,"1":1,"2":3,"3":3},"b":{"0":[9,9],"1":[1,2],"2":[1,1]},"_coverageSchema":"1a1c01bbd47fc00a2c39e90264f33305004495a9","hash":"8bd83326efcd106473263df58b24730ad88fc01b"}
,"/home/dk/hacktiv8/phase-2/e-commerce/ecommerce-server/helpers/jwt.js": {"path":"/home/dk/hacktiv8/phase-2/e-commerce/ecommerce-server/helpers/jwt.js","statementMap":{"0":{"start":{"line":1,"column":12},"end":{"line":1,"column":35}},"1":{"start":{"line":2,"column":19},"end":{"line":2,"column":42}},"2":{"start":{"line":4,"column":0},"end":{"line":11,"column":1}},"3":{"start":{"line":6,"column":8},"end":{"line":6,"column":41}},"4":{"start":{"line":9,"column":8},"end":{"line":9,"column":43}}},"fnMap":{"0":{"name":"(anonymous_0)","decl":{"start":{"line":5,"column":19},"end":{"line":5,"column":20}},"loc":{"start":{"line":5,"column":29},"end":{"line":7,"column":5}},"line":5},"1":{"name":"(anonymous_1)","decl":{"start":{"line":8,"column":17},"end":{"line":8,"column":18}},"loc":{"start":{"line":8,"column":27},"end":{"line":10,"column":5}},"line":8}},"branchMap":{},"s":{"0":2,"1":2,"2":2,"3":14,"4":13},"f":{"0":14,"1":13},"b":{},"_coverageSchema":"1a1c01bbd47fc00a2c39e90264f33305004495a9","hash":"18f9c38776e7026855d6affb3c4f713d22a24e99"}
,"/home/dk/hacktiv8/phase-2/e-commerce/ecommerce-server/helpers/password.js": {"path":"/home/dk/hacktiv8/phase-2/e-commerce/ecommerce-server/helpers/password.js","statementMap":{"0":{"start":{"line":1,"column":15},"end":{"line":1,"column":34}},"1":{"start":{"line":2,"column":13},"end":{"line":2,"column":50}},"2":{"start":{"line":4,"column":0},"end":{"line":13,"column":1}},"3":{"start":{"line":6,"column":21},"end":{"line":6,"column":52}},"4":{"start":{"line":7,"column":8},"end":{"line":7,"column":19}},"5":{"start":{"line":10,"column":20},"end":{"line":10,"column":69}},"6":{"start":{"line":11,"column":8},"end":{"line":11,"column":20}}},"fnMap":{"0":{"name":"(anonymous_0)","decl":{"start":{"line":5,"column":18},"end":{"line":5,"column":19}},"loc":{"start":{"line":5,"column":32},"end":{"line":8,"column":5}},"line":5},"1":{"name":"(anonymous_1)","decl":{"start":{"line":9,"column":19},"end":{"line":9,"column":20}},"loc":{"start":{"line":9,"column":54},"end":{"line":12,"column":5}},"line":9}},"branchMap":{},"s":{"0":2,"1":2,"2":2,"3":26,"4":26,"5":2,"6":2},"f":{"0":26,"1":2},"b":{},"_coverageSchema":"1a1c01bbd47fc00a2c39e90264f33305004495a9","hash":"170b52f69a0ee4787bb922fe56d893da6b2c4145"}
,"/home/dk/hacktiv8/phase-2/e-commerce/ecommerce-server/middlewares/authentication.js": {"path":"/home/dk/hacktiv8/phase-2/e-commerce/ecommerce-server/middlewares/authentication.js","statementMap":{"0":{"start":{"line":1,"column":24},"end":{"line":1,"column":49}},"1":{"start":{"line":2,"column":17},"end":{"line":2,"column":37}},"2":{"start":{"line":4,"column":0},"end":{"line":34,"column":1}},"3":{"start":{"line":5,"column":4},"end":{"line":33,"column":5}},"4":{"start":{"line":6,"column":8},"end":{"line":6,"column":39}},"5":{"start":{"line":7,"column":22},"end":{"line":7,"column":39}},"6":{"start":{"line":8,"column":24},"end":{"line":8,"column":42}},"7":{"start":{"line":9,"column":8},"end":{"line":27,"column":9}},"8":{"start":{"line":10,"column":12},"end":{"line":21,"column":18}},"9":{"start":{"line":12,"column":20},"end":{"line":20,"column":21}},"10":{"start":{"line":13,"column":24},"end":{"line":13,"column":54}},"11":{"start":{"line":14,"column":24},"end":{"line":14,"column":30}},"12":{"start":{"line":16,"column":24},"end":{"line":19,"column":26}},"13":{"start":{"line":23,"column":12},"end":{"line":26,"column":14}},"14":{"start":{"line":29,"column":8},"end":{"line":32,"column":10}}},"fnMap":{"0":{"name":"(anonymous_0)","decl":{"start":{"line":4,"column":17},"end":{"line":4,"column":18}},"loc":{"start":{"line":4,"column":37},"end":{"line":34,"column":1}},"line":4},"1":{"name":"(anonymous_1)","decl":{"start":{"line":11,"column":22},"end":{"line":11,"column":23}},"loc":{"start":{"line":11,"column":30},"end":{"line":21,"column":17}},"line":11}},"branchMap":{"0":{"loc":{"start":{"line":9,"column":8},"end":{"line":27,"column":9}},"type":"if","locations":[{"start":{"line":9,"column":8},"end":{"line":27,"column":9}},{"start":{"line":9,"column":8},"end":{"line":27,"column":9}}],"line":9},"1":{"loc":{"start":{"line":12,"column":20},"end":{"line":20,"column":21}},"type":"if","locations":[{"start":{"line":12,"column":20},"end":{"line":20,"column":21}},{"start":{"line":12,"column":20},"end":{"line":20,"column":21}}],"line":12}},"s":{"0":2,"1":2,"2":2,"3":13,"4":13,"5":13,"6":13,"7":12,"8":12,"9":12,"10":12,"11":12,"12":0,"13":0,"14":1},"f":{"0":13,"1":12},"b":{"0":[12,0],"1":[12,0]},"_coverageSchema":"1a1c01bbd47fc00a2c39e90264f33305004495a9","hash":"c790f38c159283209fb9bb24a87f5845d9b86084"}
,"/home/dk/hacktiv8/phase-2/e-commerce/ecommerce-server/middlewares/authorization.js": {"path":"/home/dk/hacktiv8/phase-2/e-commerce/ecommerce-server/middlewares/authorization.js","statementMap":{"0":{"start":{"line":1,"column":17},"end":{"line":1,"column":37}},"1":{"start":{"line":3,"column":0},"end":{"line":20,"column":1}},"2":{"start":{"line":4,"column":4},"end":{"line":19,"column":20}},"3":{"start":{"line":10,"column":12},"end":{"line":17,"column":13}},"4":{"start":{"line":11,"column":16},"end":{"line":11,"column":22}},"5":{"start":{"line":13,"column":16},"end":{"line":16,"column":18}}},"fnMap":{"0":{"name":"(anonymous_0)","decl":{"start":{"line":3,"column":17},"end":{"line":3,"column":18}},"loc":{"start":{"line":3,"column":37},"end":{"line":20,"column":1}},"line":3},"1":{"name":"(anonymous_1)","decl":{"start":{"line":9,"column":14},"end":{"line":9,"column":15}},"loc":{"start":{"line":9,"column":22},"end":{"line":18,"column":9}},"line":9}},"branchMap":{"0":{"loc":{"start":{"line":10,"column":12},"end":{"line":17,"column":13}},"type":"if","locations":[{"start":{"line":10,"column":12},"end":{"line":17,"column":13}},{"start":{"line":10,"column":12},"end":{"line":17,"column":13}}],"line":10}},"s":{"0":2,"1":2,"2":12,"3":12,"4":10,"5":2},"f":{"0":12,"1":12},"b":{"0":[10,2]},"_coverageSchema":"1a1c01bbd47fc00a2c39e90264f33305004495a9","hash":"ec70186b412797e476d5d7dd162fbc3447d25348"}
,"/home/dk/hacktiv8/phase-2/e-commerce/ecommerce-server/middlewares/error.js": {"path":"/home/dk/hacktiv8/phase-2/e-commerce/ecommerce-server/middlewares/error.js","statementMap":{"0":{"start":{"line":1,"column":0},"end":{"line":17,"column":1}},"1":{"start":{"line":2,"column":4},"end":{"line":16,"column":5}},"2":{"start":{"line":3,"column":24},"end":{"line":5,"column":9}},"3":{"start":{"line":6,"column":8},"end":{"line":8,"column":11}},"4":{"start":{"line":7,"column":12},"end":{"line":7,"column":42}},"5":{"start":{"line":9,"column":8},"end":{"line":11,"column":10}},"6":{"start":{"line":13,"column":8},"end":{"line":15,"column":10}}},"fnMap":{"0":{"name":"(anonymous_0)","decl":{"start":{"line":1,"column":17},"end":{"line":1,"column":18}},"loc":{"start":{"line":1,"column":42},"end":{"line":17,"column":1}},"line":1},"1":{"name":"(anonymous_1)","decl":{"start":{"line":6,"column":27},"end":{"line":6,"column":28}},"loc":{"start":{"line":6,"column":33},"end":{"line":8,"column":9}},"line":6}},"branchMap":{"0":{"loc":{"start":{"line":2,"column":4},"end":{"line":16,"column":5}},"type":"if","locations":[{"start":{"line":2,"column":4},"end":{"line":16,"column":5}},{"start":{"line":2,"column":4},"end":{"line":16,"column":5}}],"line":2},"1":{"loc":{"start":{"line":13,"column":19},"end":{"line":13,"column":36}},"type":"binary-expr","locations":[{"start":{"line":13,"column":19},"end":{"line":13,"column":29}},{"start":{"line":13,"column":33},"end":{"line":13,"column":36}}],"line":13},"2":{"loc":{"start":{"line":14,"column":17},"end":{"line":14,"column":50}},"type":"binary-expr","locations":[{"start":{"line":14,"column":17},"end":{"line":14,"column":24}},{"start":{"line":14,"column":28},"end":{"line":14,"column":50}}],"line":14}},"s":{"0":2,"1":21,"2":15,"3":15,"4":18,"5":15,"6":6},"f":{"0":21,"1":18},"b":{"0":[15,6],"1":[6,1],"2":[6,1]},"_coverageSchema":"1a1c01bbd47fc00a2c39e90264f33305004495a9","hash":"b16ded6cca185de192525c94a01f6aecaeaca64c"}
,"/home/dk/hacktiv8/phase-2/e-commerce/ecommerce-server/models/cart.js": {"path":"/home/dk/hacktiv8/phase-2/e-commerce/ecommerce-server/models/cart.js","statementMap":{"0":{"start":{"line":2,"column":0},"end":{"line":20,"column":2}},"1":{"start":{"line":3,"column":16},"end":{"line":3,"column":41}},"2":{"start":{"line":11,"column":2},"end":{"line":17,"column":4}},"3":{"start":{"line":19,"column":2},"end":{"line":19,"column":14}}},"fnMap":{"0":{"name":"(anonymous_0)","decl":{"start":{"line":2,"column":17},"end":{"line":2,"column":18}},"loc":{"start":{"line":2,"column":43},"end":{"line":20,"column":1}},"line":2},"1":{"name":"(anonymous_1)","decl":{"start":{"line":6,"column":4},"end":{"line":6,"column":5}},"loc":{"start":{"line":6,"column":30},"end":{"line":8,"column":5}},"line":6}},"branchMap":{},"s":{"0":2,"1":2,"2":2,"3":2},"f":{"0":2,"1":2},"b":{},"_coverageSchema":"1a1c01bbd47fc00a2c39e90264f33305004495a9","hash":"d5c20d2bcc7a78e5fcc4164b6cb459a7ba27398c"}
,"/home/dk/hacktiv8/phase-2/e-commerce/ecommerce-server/models/category.js": {"path":"/home/dk/hacktiv8/phase-2/e-commerce/ecommerce-server/models/category.js","statementMap":{"0":{"start":{"line":2,"column":0},"end":{"line":22,"column":2}},"1":{"start":{"line":3,"column":16},"end":{"line":3,"column":41}},"2":{"start":{"line":7,"column":6},"end":{"line":9,"column":8}},"3":{"start":{"line":13,"column":2},"end":{"line":19,"column":4}},"4":{"start":{"line":21,"column":2},"end":{"line":21,"column":18}}},"fnMap":{"0":{"name":"(anonymous_0)","decl":{"start":{"line":2,"column":17},"end":{"line":2,"column":18}},"loc":{"start":{"line":2,"column":43},"end":{"line":22,"column":1}},"line":2},"1":{"name":"(anonymous_1)","decl":{"start":{"line":6,"column":4},"end":{"line":6,"column":5}},"loc":{"start":{"line":6,"column":30},"end":{"line":10,"column":5}},"line":6}},"branchMap":{},"s":{"0":2,"1":2,"2":2,"3":2,"4":2},"f":{"0":2,"1":2},"b":{},"_coverageSchema":"1a1c01bbd47fc00a2c39e90264f33305004495a9","hash":"69cd8b5c620c727c01188c778a9921416505f4f0"}
,"/home/dk/hacktiv8/phase-2/e-commerce/ecommerce-server/models/categoryproduct.js": {"path":"/home/dk/hacktiv8/phase-2/e-commerce/ecommerce-server/models/categoryproduct.js","statementMap":{"0":{"start":{"line":2,"column":0},"end":{"line":19,"column":2}},"1":{"start":{"line":3,"column":16},"end":{"line":3,"column":41}},"2":{"start":{"line":11,"column":2},"end":{"line":16,"column":4}},"3":{"start":{"line":18,"column":2},"end":{"line":18,"column":25}}},"fnMap":{"0":{"name":"(anonymous_0)","decl":{"start":{"line":2,"column":17},"end":{"line":2,"column":18}},"loc":{"start":{"line":2,"column":43},"end":{"line":19,"column":1}},"line":2},"1":{"name":"(anonymous_1)","decl":{"start":{"line":6,"column":4},"end":{"line":6,"column":5}},"loc":{"start":{"line":6,"column":30},"end":{"line":8,"column":5}},"line":6}},"branchMap":{},"s":{"0":2,"1":2,"2":2,"3":2},"f":{"0":2,"1":2},"b":{},"_coverageSchema":"1a1c01bbd47fc00a2c39e90264f33305004495a9","hash":"0d558de871cd3361ae7b5ba14189e5c5894f1a05"}
,"/home/dk/hacktiv8/phase-2/e-commerce/ecommerce-server/models/index.js": {"path":"/home/dk/hacktiv8/phase-2/e-commerce/ecommerce-server/models/index.js","statementMap":{"0":{"start":{"line":3,"column":11},"end":{"line":3,"column":24}},"1":{"start":{"line":4,"column":13},"end":{"line":4,"column":28}},"2":{"start":{"line":5,"column":18},"end":{"line":5,"column":38}},"3":{"start":{"line":6,"column":17},"end":{"line":6,"column":42}},"4":{"start":{"line":7,"column":12},"end":{"line":7,"column":49}},"5":{"start":{"line":8,"column":15},"end":{"line":8,"column":65}},"6":{"start":{"line":9,"column":11},"end":{"line":9,"column":13}},"7":{"start":{"line":12,"column":0},"end":{"line":16,"column":1}},"8":{"start":{"line":13,"column":2},"end":{"line":13,"column":74}},"9":{"start":{"line":15,"column":2},"end":{"line":15,"column":87}},"10":{"start":{"line":18,"column":0},"end":{"line":26,"column":5}},"11":{"start":{"line":21,"column":4},"end":{"line":21,"column":90}},"12":{"start":{"line":24,"column":18},"end":{"line":24,"column":65}},"13":{"start":{"line":25,"column":4},"end":{"line":25,"column":27}},"14":{"start":{"line":28,"column":0},"end":{"line":32,"column":3}},"15":{"start":{"line":29,"column":2},"end":{"line":31,"column":3}},"16":{"start":{"line":30,"column":4},"end":{"line":30,"column":32}},"17":{"start":{"line":34,"column":0},"end":{"line":34,"column":25}},"18":{"start":{"line":35,"column":0},"end":{"line":35,"column":25}},"19":{"start":{"line":37,"column":0},"end":{"line":37,"column":20}}},"fnMap":{"0":{"name":"(anonymous_0)","decl":{"start":{"line":20,"column":10},"end":{"line":20,"column":11}},"loc":{"start":{"line":20,"column":18},"end":{"line":22,"column":3}},"line":20},"1":{"name":"(anonymous_1)","decl":{"start":{"line":23,"column":11},"end":{"line":23,"column":12}},"loc":{"start":{"line":23,"column":19},"end":{"line":26,"column":3}},"line":23},"2":{"name":"(anonymous_2)","decl":{"start":{"line":28,"column":24},"end":{"line":28,"column":25}},"loc":{"start":{"line":28,"column":37},"end":{"line":32,"column":1}},"line":28}},"branchMap":{"0":{"loc":{"start":{"line":7,"column":12},"end":{"line":7,"column":49}},"type":"binary-expr","locations":[{"start":{"line":7,"column":12},"end":{"line":7,"column":32}},{"start":{"line":7,"column":36},"end":{"line":7,"column":49}}],"line":7},"1":{"loc":{"start":{"line":12,"column":0},"end":{"line":16,"column":1}},"type":"if","locations":[{"start":{"line":12,"column":0},"end":{"line":16,"column":1}},{"start":{"line":12,"column":0},"end":{"line":16,"column":1}}],"line":12},"2":{"loc":{"start":{"line":21,"column":11},"end":{"line":21,"column":89}},"type":"binary-expr","locations":[{"start":{"line":21,"column":12},"end":{"line":21,"column":35}},{"start":{"line":21,"column":41},"end":{"line":21,"column":58}},{"start":{"line":21,"column":64},"end":{"line":21,"column":88}}],"line":21},"3":{"loc":{"start":{"line":29,"column":2},"end":{"line":31,"column":3}},"type":"if","locations":[{"start":{"line":29,"column":2},"end":{"line":31,"column":3}},{"start":{"line":29,"column":2},"end":{"line":31,"column":3}}],"line":29}},"s":{"0":2,"1":2,"2":2,"3":2,"4":2,"5":2,"6":2,"7":2,"8":0,"9":2,"10":2,"11":12,"12":10,"13":10,"14":2,"15":10,"16":10,"17":2,"18":2,"19":2},"f":{"0":12,"1":10,"2":10},"b":{"0":[2,0],"1":[0,2],"2":[12,12,10],"3":[10,0]},"_coverageSchema":"1a1c01bbd47fc00a2c39e90264f33305004495a9","hash":"61864f3a59b872355504d112401830ef77d23a8e"}
,"/home/dk/hacktiv8/phase-2/e-commerce/ecommerce-server/models/product.js": {"path":"/home/dk/hacktiv8/phase-2/e-commerce/ecommerce-server/models/product.js","statementMap":{"0":{"start":{"line":2,"column":0},"end":{"line":66,"column":2}},"1":{"start":{"line":3,"column":16},"end":{"line":3,"column":41}},"2":{"start":{"line":7,"column":6},"end":{"line":9,"column":8}},"3":{"start":{"line":10,"column":6},"end":{"line":12,"column":8}},"4":{"start":{"line":16,"column":2},"end":{"line":63,"column":4}},"5":{"start":{"line":33,"column":8},"end":{"line":35,"column":9}},"6":{"start":{"line":34,"column":10},"end":{"line":34,"column":43}},"7":{"start":{"line":38,"column":8},"end":{"line":40,"column":9}},"8":{"start":{"line":39,"column":10},"end":{"line":39,"column":48}},"9":{"start":{"line":43,"column":8},"end":{"line":45,"column":9}},"10":{"start":{"line":44,"column":10},"end":{"line":44,"column":44}},"11":{"start":{"line":48,"column":8},"end":{"line":50,"column":9}},"12":{"start":{"line":49,"column":10},"end":{"line":49,"column":44}},"13":{"start":{"line":53,"column":8},"end":{"line":55,"column":9}},"14":{"start":{"line":54,"column":10},"end":{"line":54,"column":55}},"15":{"start":{"line":58,"column":8},"end":{"line":60,"column":9}},"16":{"start":{"line":59,"column":10},"end":{"line":59,"column":55}},"17":{"start":{"line":65,"column":2},"end":{"line":65,"column":17}}},"fnMap":{"0":{"name":"(anonymous_0)","decl":{"start":{"line":2,"column":17},"end":{"line":2,"column":18}},"loc":{"start":{"line":2,"column":43},"end":{"line":66,"column":1}},"line":2},"1":{"name":"(anonymous_1)","decl":{"start":{"line":6,"column":4},"end":{"line":6,"column":5}},"loc":{"start":{"line":6,"column":30},"end":{"line":13,"column":5}},"line":6},"2":{"name":"(anonymous_2)","decl":{"start":{"line":32,"column":6},"end":{"line":32,"column":7}},"loc":{"start":{"line":32,"column":23},"end":{"line":36,"column":7}},"line":32},"3":{"name":"(anonymous_3)","decl":{"start":{"line":37,"column":6},"end":{"line":37,"column":7}},"loc":{"start":{"line":37,"column":29},"end":{"line":41,"column":7}},"line":37},"4":{"name":"(anonymous_4)","decl":{"start":{"line":42,"column":6},"end":{"line":42,"column":7}},"loc":{"start":{"line":42,"column":25},"end":{"line":46,"column":7}},"line":42},"5":{"name":"(anonymous_5)","decl":{"start":{"line":47,"column":6},"end":{"line":47,"column":7}},"loc":{"start":{"line":47,"column":25},"end":{"line":51,"column":7}},"line":47},"6":{"name":"(anonymous_6)","decl":{"start":{"line":52,"column":6},"end":{"line":52,"column":7}},"loc":{"start":{"line":52,"column":27},"end":{"line":56,"column":7}},"line":52},"7":{"name":"(anonymous_7)","decl":{"start":{"line":57,"column":6},"end":{"line":57,"column":7}},"loc":{"start":{"line":57,"column":27},"end":{"line":61,"column":7}},"line":57}},"branchMap":{"0":{"loc":{"start":{"line":33,"column":8},"end":{"line":35,"column":9}},"type":"if","locations":[{"start":{"line":33,"column":8},"end":{"line":35,"column":9}},{"start":{"line":33,"column":8},"end":{"line":35,"column":9}}],"line":33},"1":{"loc":{"start":{"line":33,"column":12},"end":{"line":33,"column":83}},"type":"binary-expr","locations":[{"start":{"line":33,"column":12},"end":{"line":33,"column":30}},{"start":{"line":33,"column":34},"end":{"line":33,"column":57}},{"start":{"line":33,"column":61},"end":{"line":33,"column":83}}],"line":33},"2":{"loc":{"start":{"line":38,"column":8},"end":{"line":40,"column":9}},"type":"if","locations":[{"start":{"line":38,"column":8},"end":{"line":40,"column":9}},{"start":{"line":38,"column":8},"end":{"line":40,"column":9}}],"line":38},"3":{"loc":{"start":{"line":38,"column":12},"end":{"line":38,"column":98}},"type":"binary-expr","locations":[{"start":{"line":38,"column":12},"end":{"line":38,"column":35}},{"start":{"line":38,"column":39},"end":{"line":38,"column":67}},{"start":{"line":38,"column":71},"end":{"line":38,"column":98}}],"line":38},"4":{"loc":{"start":{"line":43,"column":8},"end":{"line":45,"column":9}},"type":"if","locations":[{"start":{"line":43,"column":8},"end":{"line":45,"column":9}},{"start":{"line":43,"column":8},"end":{"line":45,"column":9}}],"line":43},"5":{"loc":{"start":{"line":43,"column":12},"end":{"line":43,"column":59}},"type":"binary-expr","locations":[{"start":{"line":43,"column":12},"end":{"line":43,"column":31}},{"start":{"line":43,"column":35},"end":{"line":43,"column":59}}],"line":43},"6":{"loc":{"start":{"line":48,"column":8},"end":{"line":50,"column":9}},"type":"if","locations":[{"start":{"line":48,"column":8},"end":{"line":50,"column":9}},{"start":{"line":48,"column":8},"end":{"line":50,"column":9}}],"line":48},"7":{"loc":{"start":{"line":48,"column":12},"end":{"line":48,"column":59}},"type":"binary-expr","locations":[{"start":{"line":48,"column":12},"end":{"line":48,"column":31}},{"start":{"line":48,"column":35},"end":{"line":48,"column":59}}],"line":48},"8":{"loc":{"start":{"line":53,"column":8},"end":{"line":55,"column":9}},"type":"if","locations":[{"start":{"line":53,"column":8},"end":{"line":55,"column":9}},{"start":{"line":53,"column":8},"end":{"line":55,"column":9}}],"line":53},"9":{"loc":{"start":{"line":58,"column":8},"end":{"line":60,"column":9}},"type":"if","locations":[{"start":{"line":58,"column":8},"end":{"line":60,"column":9}},{"start":{"line":58,"column":8},"end":{"line":60,"column":9}}],"line":58}},"s":{"0":2,"1":2,"2":2,"3":2,"4":2,"5":14,"6":1,"7":14,"8":1,"9":14,"10":1,"11":14,"12":1,"13":14,"14":1,"15":14,"16":1,"17":2},"f":{"0":2,"1":2,"2":14,"3":14,"4":14,"5":14,"6":14,"7":14},"b":{"0":[1,13],"1":[14,13,13],"2":[1,13],"3":[14,13,13],"4":[1,13],"5":[14,13],"6":[1,13],"7":[14,13],"8":[1,13],"9":[1,13]},"_coverageSchema":"1a1c01bbd47fc00a2c39e90264f33305004495a9","hash":"3481da09f8b45e184ce236f6307bddd5b25651ef"}
,"/home/dk/hacktiv8/phase-2/e-commerce/ecommerce-server/models/user.js": {"path":"/home/dk/hacktiv8/phase-2/e-commerce/ecommerce-server/models/user.js","statementMap":{"0":{"start":{"line":2,"column":25},"end":{"line":2,"column":55}},"1":{"start":{"line":5,"column":0},"end":{"line":87,"column":2}},"2":{"start":{"line":8,"column":6},"end":{"line":10,"column":8}},"3":{"start":{"line":14,"column":2},"end":{"line":84,"column":4}},"4":{"start":{"line":41,"column":8},"end":{"line":41,"column":51}},"5":{"start":{"line":42,"column":8},"end":{"line":44,"column":9}},"6":{"start":{"line":43,"column":10},"end":{"line":43,"column":42}},"7":{"start":{"line":49,"column":8},"end":{"line":51,"column":9}},"8":{"start":{"line":50,"column":10},"end":{"line":50,"column":48}},"9":{"start":{"line":54,"column":8},"end":{"line":56,"column":9}},"10":{"start":{"line":55,"column":10},"end":{"line":55,"column":46}},"11":{"start":{"line":59,"column":8},"end":{"line":61,"column":9}},"12":{"start":{"line":60,"column":10},"end":{"line":60,"column":44}},"13":{"start":{"line":64,"column":8},"end":{"line":66,"column":9}},"14":{"start":{"line":65,"column":10},"end":{"line":65,"column":47}},"15":{"start":{"line":69,"column":8},"end":{"line":81,"column":22}},"16":{"start":{"line":75,"column":12},"end":{"line":79,"column":13}},"17":{"start":{"line":76,"column":14},"end":{"line":76,"column":58}},"18":{"start":{"line":78,"column":14},"end":{"line":78,"column":20}},"19":{"start":{"line":86,"column":2},"end":{"line":86,"column":14}}},"fnMap":{"0":{"name":"(anonymous_0)","decl":{"start":{"line":5,"column":17},"end":{"line":5,"column":18}},"loc":{"start":{"line":5,"column":43},"end":{"line":87,"column":1}},"line":5},"1":{"name":"(anonymous_1)","decl":{"start":{"line":7,"column":4},"end":{"line":7,"column":5}},"loc":{"start":{"line":7,"column":30},"end":{"line":11,"column":5}},"line":7},"2":{"name":"(anonymous_2)","decl":{"start":{"line":40,"column":20},"end":{"line":40,"column":21}},"loc":{"start":{"line":40,"column":39},"end":{"line":45,"column":7}},"line":40},"3":{"name":"(anonymous_3)","decl":{"start":{"line":48,"column":6},"end":{"line":48,"column":7}},"loc":{"start":{"line":48,"column":28},"end":{"line":52,"column":7}},"line":48},"4":{"name":"(anonymous_4)","decl":{"start":{"line":53,"column":6},"end":{"line":53,"column":7}},"loc":{"start":{"line":53,"column":25},"end":{"line":57,"column":7}},"line":53},"5":{"name":"(anonymous_5)","decl":{"start":{"line":58,"column":6},"end":{"line":58,"column":7}},"loc":{"start":{"line":58,"column":23},"end":{"line":62,"column":7}},"line":58},"6":{"name":"(anonymous_6)","decl":{"start":{"line":63,"column":6},"end":{"line":63,"column":7}},"loc":{"start":{"line":63,"column":26},"end":{"line":67,"column":7}},"line":63},"7":{"name":"(anonymous_7)","decl":{"start":{"line":68,"column":6},"end":{"line":68,"column":7}},"loc":{"start":{"line":68,"column":30},"end":{"line":82,"column":7}},"line":68},"8":{"name":"(anonymous_8)","decl":{"start":{"line":74,"column":16},"end":{"line":74,"column":17}},"loc":{"start":{"line":74,"column":24},"end":{"line":80,"column":11}},"line":74}},"branchMap":{"0":{"loc":{"start":{"line":42,"column":8},"end":{"line":44,"column":9}},"type":"if","locations":[{"start":{"line":42,"column":8},"end":{"line":44,"column":9}},{"start":{"line":42,"column":8},"end":{"line":44,"column":9}}],"line":42},"1":{"loc":{"start":{"line":42,"column":12},"end":{"line":42,"column":98}},"type":"binary-expr","locations":[{"start":{"line":42,"column":12},"end":{"line":42,"column":35}},{"start":{"line":42,"column":39},"end":{"line":42,"column":67}},{"start":{"line":42,"column":71},"end":{"line":42,"column":98}}],"line":42},"2":{"loc":{"start":{"line":49,"column":8},"end":{"line":51,"column":9}},"type":"if","locations":[{"start":{"line":49,"column":8},"end":{"line":51,"column":9}},{"start":{"line":49,"column":8},"end":{"line":51,"column":9}}],"line":49},"3":{"loc":{"start":{"line":54,"column":8},"end":{"line":56,"column":9}},"type":"if","locations":[{"start":{"line":54,"column":8},"end":{"line":56,"column":9}},{"start":{"line":54,"column":8},"end":{"line":56,"column":9}}],"line":54},"4":{"loc":{"start":{"line":59,"column":8},"end":{"line":61,"column":9}},"type":"if","locations":[{"start":{"line":59,"column":8},"end":{"line":61,"column":9}},{"start":{"line":59,"column":8},"end":{"line":61,"column":9}}],"line":59},"5":{"loc":{"start":{"line":64,"column":8},"end":{"line":66,"column":9}},"type":"if","locations":[{"start":{"line":64,"column":8},"end":{"line":66,"column":9}},{"start":{"line":64,"column":8},"end":{"line":66,"column":9}}],"line":64},"6":{"loc":{"start":{"line":75,"column":12},"end":{"line":79,"column":13}},"type":"if","locations":[{"start":{"line":75,"column":12},"end":{"line":79,"column":13}},{"start":{"line":75,"column":12},"end":{"line":79,"column":13}}],"line":75}},"s":{"0":2,"1":2,"2":2,"3":2,"4":26,"5":26,"6":0,"7":34,"8":2,"9":34,"10":2,"11":34,"12":2,"13":34,"14":2,"15":34,"16":34,"17":1,"18":33,"19":2},"f":{"0":2,"1":2,"2":26,"3":34,"4":34,"5":34,"6":34,"7":34,"8":34},"b":{"0":[0,26],"1":[26,26,26],"2":[2,32],"3":[2,32],"4":[2,32],"5":[2,32],"6":[1,33]},"_coverageSchema":"1a1c01bbd47fc00a2c39e90264f33305004495a9","hash":"ccbd6676357d75a75a15b90ca601fe8c28559d42"}
,"/home/dk/hacktiv8/phase-2/e-commerce/ecommerce-server/routes/index.js": {"path":"/home/dk/hacktiv8/phase-2/e-commerce/ecommerce-server/routes/index.js","statementMap":{"0":{"start":{"line":1,"column":16},"end":{"line":1,"column":34}},"1":{"start":{"line":2,"column":22},"end":{"line":2,"column":42}},"2":{"start":{"line":3,"column":23},"end":{"line":3,"column":63}},"3":{"start":{"line":6,"column":15},"end":{"line":6,"column":31}},"4":{"start":{"line":8,"column":0},"end":{"line":8,"column":49}},"5":{"start":{"line":9,"column":0},"end":{"line":9,"column":43}},"6":{"start":{"line":11,"column":0},"end":{"line":11,"column":38}},"7":{"start":{"line":13,"column":0},"end":{"line":13,"column":23}}},"fnMap":{},"branchMap":{},"s":{"0":2,"1":2,"2":2,"3":2,"4":2,"5":2,"6":2,"7":2},"f":{},"b":{},"_coverageSchema":"1a1c01bbd47fc00a2c39e90264f33305004495a9","hash":"0723e5f0701332fe608f6aaa8150d6acbc5dc968"}
,"/home/dk/hacktiv8/phase-2/e-commerce/ecommerce-server/routes/product.js": {"path":"/home/dk/hacktiv8/phase-2/e-commerce/ecommerce-server/routes/product.js","statementMap":{"0":{"start":{"line":1,"column":16},"end":{"line":1,"column":34}},"1":{"start":{"line":2,"column":26},"end":{"line":2,"column":69}},"2":{"start":{"line":3,"column":23},"end":{"line":3,"column":63}},"3":{"start":{"line":4,"column":22},"end":{"line":4,"column":61}},"4":{"start":{"line":6,"column":15},"end":{"line":6,"column":31}},"5":{"start":{"line":8,"column":0},"end":{"line":8,"column":77}},"6":{"start":{"line":9,"column":0},"end":{"line":9,"column":46}},"7":{"start":{"line":10,"column":0},"end":{"line":10,"column":82}},"8":{"start":{"line":11,"column":0},"end":{"line":11,"column":77}},"9":{"start":{"line":12,"column":0},"end":{"line":12,"column":85}},"10":{"start":{"line":15,"column":0},"end":{"line":15,"column":23}}},"fnMap":{},"branchMap":{},"s":{"0":2,"1":2,"2":2,"3":2,"4":2,"5":2,"6":2,"7":2,"8":2,"9":2,"10":2},"f":{},"b":{},"_coverageSchema":"1a1c01bbd47fc00a2c39e90264f33305004495a9","hash":"21d7e9d924c0fb4c5c7f42ff97797cbc788919b1"}
}
