TN:
SF:app.js
FNF:0
FNH:0
DA:1,2
DA:2,2
DA:5,2
DA:6,2
DA:7,2
DA:8,2
DA:10,2
DA:13,2
DA:14,2
DA:15,2
DA:18,2
DA:19,2
DA:21,2
LF:13
LH:13
BRDA:1,0,0,2
BRDA:1,0,1,0
BRDA:1,1,0,2
BRDA:1,1,1,0
BRF:4
BRH:2
end_of_record
TN:
SF:controllers/productController.js
FN:4,(anonymous_0)
FN:10,(anonymous_1)
FN:26,(anonymous_2)
FN:32,(anonymous_3)
FN:36,(anonymous_4)
FN:41,(anonymous_5)
FN:46,(anonymous_6)
FN:63,(anonymous_7)
FN:73,(anonymous_8)
FN:82,(anonymous_9)
FN:96,(anonymous_10)
FN:104,(anonymous_11)
FN:108,(anonymous_12)
FN:113,(anonymous_13)
FNF:14
FNH:9
FNDA:8,(anonymous_0)
FNDA:1,(anonymous_1)
FNDA:1,(anonymous_2)
FNDA:1,(anonymous_3)
FNDA:1,(anonymous_4)
FNDA:0,(anonymous_5)
FNDA:1,(anonymous_6)
FNDA:1,(anonymous_7)
FNDA:0,(anonymous_8)
FNDA:1,(anonymous_9)
FNDA:1,(anonymous_10)
FNDA:0,(anonymous_11)
FNDA:0,(anonymous_12)
FNDA:0,(anonymous_13)
DA:1,2
DA:5,8
DA:6,8
DA:7,8
DA:11,1
DA:17,1
DA:18,1
DA:19,2
DA:24,1
DA:27,1
DA:33,1
DA:37,1
DA:42,0
DA:47,1
DA:48,1
DA:62,1
DA:64,1
DA:65,1
DA:66,0
DA:71,0
DA:74,0
DA:83,1
DA:95,1
DA:97,1
DA:105,0
DA:109,0
DA:114,0
DA:115,0
DA:120,2
LF:29
LH:21
BRF:0
BRH:0
end_of_record
TN:
SF:controllers/userController.js
FN:6,(anonymous_0)
FN:11,(anonymous_1)
FN:23,(anonymous_2)
FN:30,(anonymous_3)
FNF:4
FNH:4
FNDA:9,(anonymous_0)
FNDA:1,(anonymous_1)
FNDA:3,(anonymous_2)
FNDA:3,(anonymous_3)
DA:1,2
DA:2,2
DA:3,2
DA:7,9
DA:8,9
DA:12,1
DA:24,3
DA:25,3
DA:31,3
DA:32,1
DA:37,2
DA:38,2
DA:39,1
DA:44,1
DA:50,1
DA:61,2
LF:16
LH:16
BRDA:9,0,0,9
BRDA:9,0,1,9
BRDA:31,1,0,1
BRDA:31,1,1,2
BRDA:38,2,0,1
BRDA:38,2,1,1
BRF:6
BRH:6
end_of_record
TN:
SF:helpers/jwt.js
FN:5,(anonymous_0)
FN:8,(anonymous_1)
FNF:2
FNH:2
FNDA:14,(anonymous_0)
FNDA:13,(anonymous_1)
DA:1,2
DA:2,2
DA:4,2
DA:6,14
DA:9,13
LF:5
LH:5
BRF:0
BRH:0
end_of_record
TN:
SF:helpers/password.js
FN:5,(anonymous_0)
FN:9,(anonymous_1)
FNF:2
FNH:2
FNDA:26,(anonymous_0)
FNDA:2,(anonymous_1)
DA:1,2
DA:2,2
DA:4,2
DA:6,26
DA:7,26
DA:10,2
DA:11,2
LF:7
LH:7
BRF:0
BRH:0
end_of_record
TN:
SF:middlewares/authentication.js
FN:4,(anonymous_0)
FN:11,(anonymous_1)
FNF:2
FNH:2
FNDA:13,(anonymous_0)
FNDA:12,(anonymous_1)
DA:1,2
DA:2,2
DA:4,2
DA:5,13
DA:6,13
DA:7,13
DA:8,13
DA:9,12
DA:10,12
DA:12,12
DA:13,12
DA:14,12
DA:16,0
DA:23,0
DA:29,1
LF:15
LH:13
BRDA:9,0,0,12
BRDA:9,0,1,0
BRDA:12,1,0,12
BRDA:12,1,1,0
BRF:4
BRH:2
end_of_record
TN:
SF:middlewares/authorization.js
FN:3,(anonymous_0)
FN:9,(anonymous_1)
FNF:2
FNH:2
FNDA:12,(anonymous_0)
FNDA:12,(anonymous_1)
DA:1,2
DA:3,2
DA:4,12
DA:10,12
DA:11,10
DA:13,2
LF:6
LH:6
BRDA:10,0,0,10
BRDA:10,0,1,2
BRF:2
BRH:2
end_of_record
TN:
SF:middlewares/error.js
FN:1,(anonymous_0)
FN:6,(anonymous_1)
FNF:2
FNH:2
FNDA:21,(anonymous_0)
FNDA:18,(anonymous_1)
DA:1,2
DA:2,21
DA:3,15
DA:6,15
DA:7,18
DA:9,15
DA:13,6
LF:7
LH:7
BRDA:2,0,0,15
BRDA:2,0,1,6
BRDA:13,1,0,6
BRDA:13,1,1,1
BRDA:14,2,0,6
BRDA:14,2,1,1
BRF:6
BRH:6
end_of_record
TN:
SF:models/cart.js
FN:2,(anonymous_0)
FN:6,(anonymous_1)
FNF:2
FNH:2
FNDA:2,(anonymous_0)
FNDA:2,(anonymous_1)
DA:2,2
DA:3,2
DA:11,2
DA:19,2
LF:4
LH:4
BRF:0
BRH:0
end_of_record
TN:
SF:models/category.js
FN:2,(anonymous_0)
FN:6,(anonymous_1)
FNF:2
FNH:2
FNDA:2,(anonymous_0)
FNDA:2,(anonymous_1)
DA:2,2
DA:3,2
DA:7,2
DA:13,2
DA:21,2
LF:5
LH:5
BRF:0
BRH:0
end_of_record
TN:
SF:models/categoryproduct.js
FN:2,(anonymous_0)
FN:6,(anonymous_1)
FNF:2
FNH:2
FNDA:2,(anonymous_0)
FNDA:2,(anonymous_1)
DA:2,2
DA:3,2
DA:11,2
DA:18,2
LF:4
LH:4
BRF:0
BRH:0
end_of_record
TN:
SF:models/index.js
FN:20,(anonymous_0)
FN:23,(anonymous_1)
FN:28,(anonymous_2)
FNF:3
FNH:3
FNDA:12,(anonymous_0)
FNDA:10,(anonymous_1)
FNDA:10,(anonymous_2)
DA:3,2
DA:4,2
DA:5,2
DA:6,2
DA:7,2
DA:8,2
DA:9,2
DA:12,2
DA:13,0
DA:15,2
DA:18,2
DA:21,12
DA:24,10
DA:25,10
DA:28,2
DA:29,10
DA:30,10
DA:34,2
DA:35,2
DA:37,2
LF:20
LH:19
BRDA:7,0,0,2
BRDA:7,0,1,0
BRDA:12,1,0,0
BRDA:12,1,1,2
BRDA:21,2,0,12
BRDA:21,2,1,12
BRDA:21,2,2,10
BRDA:29,3,0,10
BRDA:29,3,1,0
BRF:9
BRH:6
end_of_record
TN:
SF:models/product.js
FN:2,(anonymous_0)
FN:6,(anonymous_1)
FN:32,(anonymous_2)
FN:37,(anonymous_3)
FN:42,(anonymous_4)
FN:47,(anonymous_5)
FN:52,(anonymous_6)
FN:57,(anonymous_7)
FNF:8
FNH:8
FNDA:2,(anonymous_0)
FNDA:2,(anonymous_1)
FNDA:14,(anonymous_2)
FNDA:14,(anonymous_3)
FNDA:14,(anonymous_4)
FNDA:14,(anonymous_5)
FNDA:14,(anonymous_6)
FNDA:14,(anonymous_7)
DA:2,2
DA:3,2
DA:7,2
DA:10,2
DA:16,2
DA:33,14
DA:34,1
DA:38,14
DA:39,1
DA:43,14
DA:44,1
DA:48,14
DA:49,1
DA:53,14
DA:54,1
DA:58,14
DA:59,1
DA:65,2
LF:18
LH:18
BRDA:33,0,0,1
BRDA:33,0,1,13
BRDA:33,1,0,14
BRDA:33,1,1,13
BRDA:33,1,2,13
BRDA:38,2,0,1
BRDA:38,2,1,13
BRDA:38,3,0,14
BRDA:38,3,1,13
BRDA:38,3,2,13
BRDA:43,4,0,1
BRDA:43,4,1,13
BRDA:43,5,0,14
BRDA:43,5,1,13
BRDA:48,6,0,1
BRDA:48,6,1,13
BRDA:48,7,0,14
BRDA:48,7,1,13
BRDA:53,8,0,1
BRDA:53,8,1,13
BRDA:58,9,0,1
BRDA:58,9,1,13
BRF:22
BRH:22
end_of_record
TN:
SF:models/user.js
FN:5,(anonymous_0)
FN:7,(anonymous_1)
FN:40,(anonymous_2)
FN:48,(anonymous_3)
FN:53,(anonymous_4)
FN:58,(anonymous_5)
FN:63,(anonymous_6)
FN:68,(anonymous_7)
FN:74,(anonymous_8)
FNF:9
FNH:9
FNDA:2,(anonymous_0)
FNDA:2,(anonymous_1)
FNDA:26,(anonymous_2)
FNDA:34,(anonymous_3)
FNDA:34,(anonymous_4)
FNDA:34,(anonymous_5)
FNDA:34,(anonymous_6)
FNDA:34,(anonymous_7)
FNDA:34,(anonymous_8)
DA:2,2
DA:5,2
DA:8,2
DA:14,2
DA:41,26
DA:42,26
DA:43,0
DA:49,34
DA:50,2
DA:54,34
DA:55,2
DA:59,34
DA:60,2
DA:64,34
DA:65,2
DA:69,34
DA:75,34
DA:76,1
DA:78,33
DA:86,2
LF:20
LH:19
BRDA:42,0,0,0
BRDA:42,0,1,26
BRDA:42,1,0,26
BRDA:42,1,1,26
BRDA:42,1,2,26
BRDA:49,2,0,2
BRDA:49,2,1,32
BRDA:54,3,0,2
BRDA:54,3,1,32
BRDA:59,4,0,2
BRDA:59,4,1,32
BRDA:64,5,0,2
BRDA:64,5,1,32
BRDA:75,6,0,1
BRDA:75,6,1,33
BRF:15
BRH:14
end_of_record
TN:
SF:routes/index.js
FNF:0
FNH:0
DA:1,2
DA:2,2
DA:3,2
DA:6,2
DA:8,2
DA:9,2
DA:11,2
DA:13,2
LF:8
LH:8
BRF:0
BRH:0
end_of_record
TN:
SF:routes/product.js
FNF:0
FNH:0
DA:1,2
DA:2,2
DA:3,2
DA:4,2
DA:6,2
DA:8,2
DA:9,2
DA:10,2
DA:11,2
DA:12,2
DA:15,2
LF:11
LH:11
BRF:0
BRH:0
end_of_record
